
Showing logs for build [32mcb-kubecd-environment-pr-183-10-gwd4n-1[0m stage [32mfrom-build-pack[0m and container [32mstep-credential-initializer-wnrtz[0m
{"level":"warn","ts":1584383871.855099,"logger":"fallback-logger","caller":"logging/config.go:69","msg":"Fetch GitHub commit ID from kodata failed: \"ref: refs/heads/0.8.0-**-support-backwards-incompats\" is not a valid GitHub commit ID"}
{"level":"info","ts":1584383871.855917,"logger":"fallback-logger","caller":"creds-init/main.go:40","msg":"Credentials initialized."}

Showing logs for build [32mcb-kubecd-environment-pr-183-10-gwd4n-1[0m stage [32mfrom-build-pack[0m and container [32mstep-working-dir-initializer-kmvl4[0m
{"level":"warn","ts":1584383872.7153306,"logger":"fallback-logger","caller":"logging/config.go:69","msg":"Fetch GitHub commit ID from kodata failed: open /var/run/ko/HEAD: no such file or directory"}
{"level":"info","ts":1584383872.717634,"logger":"fallback-logger","caller":"bash/main.go:64","msg":"Successfully executed command \"sh -c mkdir -p /workspace/source\"; output "}

Showing logs for build [32mcb-kubecd-environment-pr-183-10-gwd4n-1[0m stage [32mfrom-build-pack[0m and container [32mstep-place-tools[0m

Showing logs for build [32mcb-kubecd-environment-pr-183-10-gwd4n-1[0m stage [32mfrom-build-pack[0m and container [32mstep-git-source-cb-kubecd-environment-pr-183-10-gwd4n-qcgqc[0m
{"level":"warn","ts":1584383876.80295,"logger":"fallback-logger","caller":"logging/config.go:69","msg":"Fetch GitHub commit ID from kodata failed: \"ref: refs/heads/0.8.0-**-support-backwards-incompats\" is not a valid GitHub commit ID"}
{"level":"info","ts":1584383877.8009744,"logger":"fallback-logger","caller":"git/git.go:103","msg":"Successfully cloned https://github.com/cb-kubecd/environment-pr-183-10-boot-vault-gke-staging.git @ master in path /workspace/source"}

Showing logs for build [32mcb-kubecd-environment-pr-183-10-gwd4n-1[0m stage [32mfrom-build-pack[0m and container [32mstep-git-merge[0m
Using SHAs from PULL_REFS=master:8ba5c210570f28e9f3a4f17d462717379b6f07d3,1:7d36cb18e98216a727b80b1c19aa3fb7509ccbab
DEBUG: JX_LOG_LEVEL=error LC_ALL=C git fetch origin --unshallow 7d36cb18e98216a727b80b1c19aa3fb7509ccbab: 8ba5c210570f28e9f3a4f17d462717379b6f07d3:
DEBUG: ran git fetch --unshallow origin 7d36cb18e98216a727b80b1c19aa3fb7509ccbab: 8ba5c210570f28e9f3a4f17d462717379b6f07d3: in 
DEBUG: LC_ALL=C JX_LOG_LEVEL=error git branch
DEBUG: LC_ALL=C JX_LOG_LEVEL=error git checkout master
DEBUG: ran git checkout master in 
DEBUG: LC_ALL=C JX_LOG_LEVEL=error git reset --hard 8ba5c210570f28e9f3a4f17d462717379b6f07d3
DEBUG: ran git reset --hard 8ba5c210570f28e9f3a4f17d462717379b6f07d3 in 
DEBUG: LC_ALL=C JX_LOG_LEVEL=error git clean -fd .
DEBUG: ran clean --force -d . in 
DEBUG: LC_ALL=C JX_LOG_LEVEL=error git merge 7d36cb18e98216a727b80b1c19aa3fb7509ccbab
DEBUG: ran git merge 7d36cb18e98216a727b80b1c19aa3fb7509ccbab in 
DEBUG: LC_ALL=C JX_LOG_LEVEL=error git log --format=%H%x1f%an%x1f%ae%x1f%cn%x1f%ce%x1f%s%n%b%x1e 8ba5c210570f28e9f3a4f17d462717379b6f07d3..HEAD
Merged SHA 7d36cb18e98216a727b80b1c19aa3fb7509ccbab with commit message 'chore: Promote bdd-spring-1584383523 to version 0.0.1' into base branch master

Showing logs for build [32mcb-kubecd-environment-pr-183-10-gwd4n-1[0m stage [32mfrom-build-pack[0m and container [32mstep-build-helm-build[0m
WARNING: No $CHART_REPOSITORY defined so using the default value of: http://jenkins-x-chartmuseum:8080
Adding missing Helm repo: storage.googleapis.com https://storage.googleapis.com/chartmuseum.jenkins-x.io
WARNING: No secrets found on "helm/repos" due: reading the secret "helm/repos" from vault: no secret "helm/repos" not found in vault
Read credentials for https://storage.googleapis.com/chartmuseum.jenkins-x.io from vault helm/repos
Successfully added Helm repository storage.googleapis.com.
Adding missing Helm repo: jenkins-x-chartmuseum http://jenkins-x-chartmuseum:8080
WARNING: No secrets found on "helm/repos" due: reading the secret "helm/repos" from vault: no secret "helm/repos" not found in vault
Read credentials for http://jenkins-x-chartmuseum:8080 from vault helm/repos
Successfully added Helm repository jenkins-x-chartmuseum.
WARNING: No $CHART_REPOSITORY defined so using the default value of: http://jenkins-x-chartmuseum:8080
Adding missing Helm repo: chartmuseum.jenkins-x.io http://chartmuseum.jenkins-x.io
WARNING: No secrets found on "helm/repos" due: reading the secret "helm/repos" from vault: no secret "helm/repos" not found in vault
Read credentials for http://chartmuseum.jenkins-x.io from vault helm/repos
Successfully added Helm repository chartmuseum.jenkins-x.io.
